<?xml version="1.0" encoding="UTF-8"?>
<!-- Generated by org.testng.reporters.JUnitReportReporter -->
<testsuite hostname="LAPTOP-J5E37TJF" failures="0" tests="4" name="testjava.LoginTest" time="4.866" errors="0" timestamp="2021-12-16T09:10:36 IST" skipped="0">
  <testcase classname="testjava.LoginTest" name="verifyLoginWithCorrectCred" time="4.800"/>
  <system-out>
login with correct cred  </system-out>
  <testcase classname="testjava.LoginTest" name="verifyLoginPageUrl" time="0.015"/>
  <system-out/>
  <testcase classname="testjava.LoginTest" name="verifyLoginBtnIsClickable" time="0.043"/>
  <system-out/>
  <testcase classname="testjava.LoginTest" name="verifyTitleOfLoginPage" time="0.008"/>
  <system-out/>
</testsuite> <!-- testjava.LoginTest -->
